C51 COMPILER V9.59.0.0   DS1302                                                            07/01/2022 22:22:29 PAGE 1   


C51 COMPILER V9.59.0.0, COMPILATION OF MODULE DS1302
OBJECT MODULE PLACED IN .\Objects\DS1302.obj
COMPILER INVOKED BY: C:\Program Files\MDK\C51\BIN\C51.EXE DS1302.c OPTIMIZE(8,SPEED) BROWSE INCDIR(.\Inc) DEBUG OBJECTEX
                    -TEND PRINT(.\Listings\DS1302.lst) TABS(2) OBJECT(.\Objects\DS1302.obj)

line level    source

   1          #include "DS1302.h"
   2          
   3          /* ***************************************************** */
   4          // 数组定义
   5          /* ***************************************************** */
   6          //DS1302读地址，秒分时日月星期年
   7          unsigned char code DS1302_ReadAddr[7] = {0x81,0x83,0x85,0x87,0x89,0x8B,0x8D};
   8          
   9          //DS1302写地址，秒分时日月星期年
  10          unsigned char code DS1302_WriteAddr[7] ={0x80,0x82,0x84,0x86,0x88,0x8A,0x8C};
  11          
  12          //DS1302初始化时间,202004050 131400 星期三
  13          unsigned char TIME[7] = {0, 0x59, 0x06, 0x15, 0x04, 0x03, 0x20};
  14          /* ***************************************************** */
  15          
  16          
  17          /* ***************************************************** */
  18          // 函数名称：DS1302_Write
  19          // 函数功能: 向DS1302写入数据
  20          // 入口参数：地址addr 数据dat
  21          // 出口参数：无 
  22          /* ***************************************************** */
  23          void DS1302_Write(u8 addr,u8 dat)
  24          {
  25   1        u8 i;
  26   1        CE = 0;             //禁止数据传输
  27   1        _nop_();
  28   1        SCLK = 0;           //确保写数据前保持SCLK为低电平
  29   1        _nop_();            
  30   1        CE = 1;             //即上升沿时开启数据传输
  31   1        _nop_();
  32   1        for(i=0;i<8;i++)
  33   1        {
  34   2          DATA = addr & 0x01;   //取数据最低位
  35   2          addr >>= 1;          //数据右移
  36   2          SCLK = 1;            //SCLK时钟上升沿时，DS1302读取数据
  37   2          _nop_(); 
  38   2          SCLK = 0;            //为写入dat数据做准备      
  39   2              _nop_();    
  40   2        }
  41   1        for(i=0;i<8;i++)
  42   1        {
  43   2            DATA = dat & 0x01;   //取数据最低位
  44   2          dat >>= 1;          //数据右移
  45   2          SCLK = 1;            //SCLK时钟上升沿时，DS1302读取数据
  46   2          _nop_(); 
  47   2          SCLK = 0;            //为写入dat数据做准备  
  48   2          _nop_();
  49   2        }
  50   1        CE = 0;                  //数据传输结束
  51   1        _nop_();  
  52   1      }
  53          
  54          /* ***************************************************** */
C51 COMPILER V9.59.0.0   DS1302                                                            07/01/2022 22:22:29 PAGE 2   

  55          // 函数名称：DS1302_Read
  56          // 函数功能: 读取任意地址的数据
  57          // 入口参数：地址 addr
  58          // 出口参数：数据 dat
  59          /* ***************************************************** */
  60          unsigned char DS1302_Read(u8 addr)
  61          {
  62   1        u8 i,temp,dat;
  63   1        CE = 0;
  64   1        _nop_();
  65   1        SCLK = 0;
  66   1        _nop_();
  67   1        CE = 1;
  68   1        _nop_();
  69   1        for(i=0;i<8;i++)
  70   1        {
  71   2          DATA = addr & 0x01;   //取数据最低位
  72   2          addr >>=1;
  73   2          SCLK = 1;
  74   2          _nop_();
  75   2          SCLK = 0;
  76   2          _nop_();    
  77   2        }
  78   1        _nop_();
  79   1        for(i=0;i<8;i++)
  80   1        {
  81   2          temp = DATA;
  82   2          dat = (dat>>1) | (temp<<7);
  83   2          SCLK = 1;
  84   2          _nop_();
  85   2          SCLK = 0;    //DS1302下降沿时,放置数据
  86   2          _nop_();
  87   2        }
  88   1        CE = 0;
  89   1        _nop_();
  90   1        SCLK = 1;
  91   1        _nop_();
  92   1        DATA = 0;
  93   1        _nop_();
  94   1        return dat;
  95   1      }
  96          /* ***************************************************** */
  97          // 函数名称：DS1302_Init
  98          // 函数功能: 初始化DS1302
  99          // 入口参数：无
 100          // 出口参数：无 
 101          /* ***************************************************** */
 102          void DS1302_Init(void)
 103          {
 104   1        u8 i;
 105   1        DS1302_Write(0x8E,0x00);         //禁止写保护
 106   1        for(i=0;i<7;i++)
 107   1        {
 108   2          DS1302_Write(DS1302_WriteAddr[i],TIME[i]);
 109   2        }
 110   1        DS1302_Write(0x8E,0x80);         //使能写保护
 111   1      }
 112          
 113          /* ***************************************************** */
 114          // 函数名称：DS1302_ReadTime
 115          // 函数功能: 读取时钟信息
 116          // 入口参数：无
C51 COMPILER V9.59.0.0   DS1302                                                            07/01/2022 22:22:29 PAGE 3   

 117          // 出口参数：无 
 118          /* ***************************************************** */
 119          
 120          void DS1302_ReadTime(void)
 121          {
 122   1        u8 i;
 123   1        for(i=0;i<7;i++)
 124   1        {
 125   2          TIME[i] = DS1302_Read(DS1302_ReadAddr[i]);
 126   2        }
 127   1      }
 128          


MODULE INFORMATION:   STATIC OVERLAYABLE
   CODE SIZE        =    235    ----
   CONSTANT SIZE    =     14    ----
   XDATA SIZE       =   ----    ----
   PDATA SIZE       =   ----    ----
   DATA SIZE        =      7    ----
   IDATA SIZE       =   ----    ----
   BIT SIZE         =   ----    ----
END OF MODULE INFORMATION.


C51 COMPILATION COMPLETE.  0 WARNING(S),  0 ERROR(S)
